0 info it worked if it ends with ok
1 verbose cli [ '/home/marvin/.nvm/versions/node/v6.3.1/bin/node',
1 verbose cli   '/home/marvin/.nvm/versions/node/v6.3.1/bin/npm',
1 verbose cli   'run',
1 verbose cli   'dev' ]
2 info using npm@3.10.3
3 info using node@v6.3.1
4 verbose run-script [ 'predev', 'dev', 'postdev' ]
5 info lifecycle feedcast2017@1.0.0~predev: feedcast2017@1.0.0
6 silly lifecycle feedcast2017@1.0.0~predev: no script for predev, continuing
7 info lifecycle feedcast2017@1.0.0~dev: feedcast2017@1.0.0
8 verbose lifecycle feedcast2017@1.0.0~dev: unsafe-perm in lifecycle true
9 verbose lifecycle feedcast2017@1.0.0~dev: PATH: /home/marvin/.nvm/versions/node/v6.3.1/lib/node_modules/npm/bin/node-gyp-bin:/home/marvin/workspace/feedcast2017/node_modules/.bin:/home/marvin/.nvm/versions/node/v6.3.1/bin:/usr/local/heroku/bin:/usr/local/jdk1.8.0_101/bin:/usr/local/android-studio/bin:/home/marvin/.nvm/versions/node/v6.3.1/bin:/usr/bin:/bin:/usr/sbin:/sbin:/usr/local/bin:/usr/bin:/bin:/usr/local/games:/usr/games
10 verbose lifecycle feedcast2017@1.0.0~dev: CWD: /home/marvin/workspace/feedcast2017
11 silly lifecycle feedcast2017@1.0.0~dev: Args: [ '-c', 'grunt build && grunt watch' ]
12 silly lifecycle feedcast2017@1.0.0~dev: Returned: code: 6  signal: null
13 info lifecycle feedcast2017@1.0.0~dev: Failed to exec dev script
14 verbose stack Error: feedcast2017@1.0.0 dev: `grunt build && grunt watch`
14 verbose stack Exit status 6
14 verbose stack     at EventEmitter.<anonymous> (/home/marvin/.nvm/versions/node/v6.3.1/lib/node_modules/npm/lib/utils/lifecycle.js:242:16)
14 verbose stack     at emitTwo (events.js:106:13)
14 verbose stack     at EventEmitter.emit (events.js:191:7)
14 verbose stack     at ChildProcess.<anonymous> (/home/marvin/.nvm/versions/node/v6.3.1/lib/node_modules/npm/lib/utils/spawn.js:40:14)
14 verbose stack     at emitTwo (events.js:106:13)
14 verbose stack     at ChildProcess.emit (events.js:191:7)
14 verbose stack     at maybeClose (internal/child_process.js:852:16)
14 verbose stack     at Process.ChildProcess._handle.onexit (internal/child_process.js:215:5)
15 verbose pkgid feedcast2017@1.0.0
16 verbose cwd /home/marvin/workspace/feedcast2017
17 error Linux 3.8.11
18 error argv "/home/marvin/.nvm/versions/node/v6.3.1/bin/node" "/home/marvin/.nvm/versions/node/v6.3.1/bin/npm" "run" "dev"
19 error node v6.3.1
20 error npm  v3.10.3
21 error code ELIFECYCLE
22 error feedcast2017@1.0.0 dev: `grunt build && grunt watch`
22 error Exit status 6
23 error Failed at the feedcast2017@1.0.0 dev script 'grunt build && grunt watch'.
23 error Make sure you have the latest version of node.js and npm installed.
23 error If you do, this is most likely a problem with the feedcast2017 package,
23 error not with npm itself.
23 error Tell the author that this fails on your system:
23 error     grunt build && grunt watch
23 error You can get information on how to open an issue for this project with:
23 error     npm bugs feedcast2017
23 error Or if that isn't available, you can get their info via:
23 error     npm owner ls feedcast2017
23 error There is likely additional logging output above.
24 verbose exit [ 1, true ]
